<?xml version="1.0"?>
<testsuites timestamp="2020-10-16T01:14:10.877090" time="0" tests="1">
	<testsuite name="scenario_testing" tests="1">
		<testcase classname="scenario_testing" name="/home/yamasa/Documents/colcon_workspace/src/scenario_simulator.auto/open_scenario_interpreter/example/lane_change.xosc" time="0">
			<error message="error detected">semantic-error: error occurs while getting entity stauts, target entity : ego.
Possible causes:
  (1) The position of the corresponding entity is not specified by Teleport Action</error>
		</testcase>
	</testsuite>
</testsuites>
